<?xml version="1.0" encoding="UTF-8"?>
<!-- Generated by org.testng.reporters.JUnitXMLReporter -->
<testsuite hostname="HIPUNL69713" ignored="0" name="Test" tests="3" failures="0" timestamp="26 Dec 2018 09:48:07 GMT" time="35.484" errors="0">
  <testcase name="Register" time="12.125" classname="Ing.SPAutomation.SPAutomation.Register"/>
  <testcase name="SignOn" time="11.52" classname="Ing.SPAutomation.SPAutomation.SignOn"/>
  <testcase name="Contact" time="11.823" classname="Ing.SPAutomation.SPAutomation.anotherSuite.Contact"/>
</testsuite> <!-- Test -->
