<?xml version="1.0" encoding="UTF-8"?>
<testng-results skipped="0" failed="0" ignored="0" total="3" passed="3">
  <reporter-output>
  </reporter-output>
  <suite name="Suite" duration-ms="37119" started-at="2018-12-26T09:46:45Z" finished-at="2018-12-26T09:47:22Z">
    <groups>
    </groups>
    <test name="Test" duration-ms="37119" started-at="2018-12-26T09:46:45Z" finished-at="2018-12-26T09:47:22Z">
      <class name="Ing.SPAutomation.SPAutomation.Register">
        <test-method status="PASS" signature="Register()[pri:0, instance:Ing.SPAutomation.SPAutomation.Register@3532ec19]" name="Register" duration-ms="12759" started-at="2018-12-26T09:46:45Z" finished-at="2018-12-26T09:46:58Z">
          <reporter-output>
          </reporter-output>
        </test-method> <!-- Register -->
      </class> <!-- Ing.SPAutomation.SPAutomation.Register -->
      <class name="Ing.SPAutomation.SPAutomation.anotherSuite.Contact">
        <test-method status="PASS" signature="Contact()[pri:0, instance:Ing.SPAutomation.SPAutomation.anotherSuite.Contact@27efef64]" name="Contact" duration-ms="11837" started-at="2018-12-26T09:47:10Z" finished-at="2018-12-26T09:47:22Z">
          <reporter-output>
          </reporter-output>
        </test-method> <!-- Contact -->
      </class> <!-- Ing.SPAutomation.SPAutomation.anotherSuite.Contact -->
      <class name="Ing.SPAutomation.SPAutomation.SignOn">
        <test-method status="PASS" signature="SignOn()[pri:0, instance:Ing.SPAutomation.SPAutomation.SignOn@59f99ea]" name="SignOn" duration-ms="12507" started-at="2018-12-26T09:46:58Z" finished-at="2018-12-26T09:47:10Z">
          <reporter-output>
          </reporter-output>
        </test-method> <!-- SignOn -->
      </class> <!-- Ing.SPAutomation.SPAutomation.SignOn -->
    </test> <!-- Test -->
  </suite> <!-- Suite -->
</testng-results>
