<?xml version="1.0" encoding="UTF-8"?>
<testng-results skipped="0" failed="0" ignored="0" total="3" passed="3">
  <reporter-output>
  </reporter-output>
  <suite name="Suite" duration-ms="35484" started-at="2018-12-26T09:47:31Z" finished-at="2018-12-26T09:48:07Z">
    <groups>
    </groups>
    <test name="Test" duration-ms="35484" started-at="2018-12-26T09:47:31Z" finished-at="2018-12-26T09:48:07Z">
      <class name="Ing.SPAutomation.SPAutomation.Register">
        <test-method status="PASS" signature="Register()[pri:0, instance:Ing.SPAutomation.SPAutomation.Register@3e83c18]" name="Register" duration-ms="12125" started-at="2018-12-26T15:17:31Z" finished-at="2018-12-26T15:17:43Z">
          <reporter-output>
          </reporter-output>
        </test-method> <!-- Register -->
      </class> <!-- Ing.SPAutomation.SPAutomation.Register -->
      <class name="Ing.SPAutomation.SPAutomation.anotherSuite.Contact">
        <test-method status="PASS" signature="Contact()[pri:0, instance:Ing.SPAutomation.SPAutomation.anotherSuite.Contact@c446b14]" name="Contact" duration-ms="11823" started-at="2018-12-26T15:17:55Z" finished-at="2018-12-26T15:18:07Z">
          <reporter-output>
          </reporter-output>
        </test-method> <!-- Contact -->
      </class> <!-- Ing.SPAutomation.SPAutomation.anotherSuite.Contact -->
      <class name="Ing.SPAutomation.SPAutomation.SignOn">
        <test-method status="PASS" signature="SignOn()[pri:0, instance:Ing.SPAutomation.SPAutomation.SignOn@4e8e8621]" name="SignOn" duration-ms="11520" started-at="2018-12-26T15:17:43Z" finished-at="2018-12-26T15:17:55Z">
          <reporter-output>
          </reporter-output>
        </test-method> <!-- SignOn -->
      </class> <!-- Ing.SPAutomation.SPAutomation.SignOn -->
    </test> <!-- Test -->
  </suite> <!-- Suite -->
</testng-results>
